ARM GAS  C:\Users\Piimps\AppData\Local\Temp\cc2g49zg.s 			page 1


   1              		.syntax unified
   2              		.cpu cortex-m3
   3              		.fpu softvfp
   4              		.eabi_attribute 20, 1
   5              		.eabi_attribute 21, 1
   6              		.eabi_attribute 23, 3
   7              		.eabi_attribute 24, 1
   8              		.eabi_attribute 25, 1
   9              		.eabi_attribute 26, 1
  10              		.eabi_attribute 30, 1
  11              		.eabi_attribute 34, 1
  12              		.eabi_attribute 18, 4
  13              		.thumb
  14              		.syntax unified
  15              		.file	"cymetadata.c"
  16              		.text
  17              	.Ltext0:
  18              		.cfi_sections	.debug_frame
  19              		.global	cy_metadata
  20              		.global	cy_meta_flashprotect
  21              		.global	cy_meta_wonvl
  22              		.global	cy_meta_custnvl
  23              		.global	cy_meta_configecc
  24              		.section	.cyconfigecc,"a",%progbits
  25              		.align	2
  26              		.type	cy_meta_configecc, %object
  27              		.size	cy_meta_configecc, 104
  28              	cy_meta_configecc:
  29 0000 04       		.byte	4
  30 0001 4F       		.byte	79
  31 0002 00       		.byte	0
  32 0003 40       		.byte	64
  33 0004 01       		.byte	1
  34 0005 07       		.byte	7
  35 0006 01       		.byte	1
  36 0007 40       		.byte	64
  37 0008 02       		.byte	2
  38 0009 09       		.byte	9
  39 000a 01       		.byte	1
  40 000b 40       		.byte	64
  41 000c 04       		.byte	4
  42 000d 0A       		.byte	10
  43 000e 01       		.byte	1
  44 000f 40       		.byte	64
  45 0010 01       		.byte	1
  46 0011 0B       		.byte	11
  47 0012 01       		.byte	1
  48 0013 40       		.byte	64
  49 0014 03       		.byte	3
  50 0015 42       		.byte	66
  51 0016 01       		.byte	1
  52 0017 40       		.byte	64
  53 0018 03       		.byte	3
  54 0019 43       		.byte	67
  55 001a 01       		.byte	1
  56 001b 40       		.byte	64
  57 001c 01       		.byte	1
ARM GAS  C:\Users\Piimps\AppData\Local\Temp\cc2g49zg.s 			page 2


  58 001d 80       		.byte	-128
  59 001e 0A       		.byte	10
  60 001f 4B       		.byte	75
  61 0020 0D       		.byte	13
  62 0021 80       		.byte	-128
  63 0022 16       		.byte	22
  64 0023 4B       		.byte	75
  65 0024 EE       		.byte	-18
  66 0025 0C       		.byte	12
  67 0026 AB       		.byte	-85
  68 0027 20       		.byte	32
  69 0028 AF       		.byte	-81
  70 0029 20       		.byte	32
  71 002a B8       		.byte	-72
  72 002b 20       		.byte	32
  73 002c BE       		.byte	-66
  74 002d 10       		.byte	16
  75 002e D8       		.byte	-40
  76 002f 04       		.byte	4
  77 0030 DF       		.byte	-33
  78 0031 01       		.byte	1
  79 0032 1F       		.byte	31
  80 0033 20       		.byte	32
  81 0034 63       		.byte	99
  82 0035 02       		.byte	2
  83 0036 67       		.byte	103
  84 0037 02       		.byte	2
  85 0038 D6       		.byte	-42
  86 0039 C0       		.byte	-64
  87 003a AB       		.byte	-85
  88 003b 01       		.byte	1
  89 003c AF       		.byte	-81
  90 003d 01       		.byte	1
  91 003e EE       		.byte	-18
  92 003f 30       		.byte	48
  93 0040 63       		.byte	99
  94 0041 00       		.byte	0
  95 0042 00       		.byte	0
  96 0043 63       		.byte	99
  97 0044 63       		.byte	99
  98 0045 00       		.byte	0
  99 0046 00       		.byte	0
 100 0047 00       		.byte	0
 101 0048 00       		.byte	0
 102 0049 00       		.byte	0
 103 004a 00       		.byte	0
 104 004b 00       		.byte	0
 105 004c 3C       		.byte	60
 106 004d 00       		.byte	0
 107 004e 3C       		.byte	60
 108 004f 00       		.byte	0
 109 0050 00       		.byte	0
 110 0051 00       		.byte	0
 111 0052 00       		.byte	0
 112 0053 00       		.byte	0
 113 0054 00       		.byte	0
 114 0055 00       		.byte	0
ARM GAS  C:\Users\Piimps\AppData\Local\Temp\cc2g49zg.s 			page 3


 115 0056 00       		.byte	0
 116 0057 00       		.byte	0
 117 0058 00       		.byte	0
 118 0059 00       		.byte	0
 119 005a 00       		.byte	0
 120 005b 00       		.byte	0
 121 005c 00       		.byte	0
 122 005d 00       		.byte	0
 123 005e 20       		.byte	32
 124 005f 00       		.byte	0
 125 0060 00       		.byte	0
 126 0061 0B       		.byte	11
 127 0062 0B       		.byte	11
 128 0063 00       		.byte	0
 129 0064 00       		.byte	0
 130 0065 00       		.byte	0
 131 0066 00       		.byte	0
 132 0067 00       		.byte	0
 133              		.section	.cywolatch,"a",%progbits
 134              		.align	2
 135              		.type	cy_meta_wonvl, %object
 136              		.size	cy_meta_wonvl, 4
 137              	cy_meta_wonvl:
 138 0000 BC       		.byte	-68
 139 0001 90       		.byte	-112
 140 0002 AC       		.byte	-84
 141 0003 AF       		.byte	-81
 142              		.section	.cycustnvl,"a",%progbits
 143              		.align	2
 144              		.type	cy_meta_custnvl, %object
 145              		.size	cy_meta_custnvl, 4
 146              	cy_meta_custnvl:
 147 0000 00       		.byte	0
 148 0001 00       		.byte	0
 149 0002 40       		.byte	64
 150 0003 05       		.byte	5
 151              		.section	.cymeta,"a",%progbits
 152              		.align	2
 153              		.type	cy_metadata, %object
 154              		.size	cy_metadata, 12
 155              	cy_metadata:
 156 0000 00       		.byte	0
 157 0001 01       		.byte	1
 158 0002 2E       		.byte	46
 159 0003 16       		.byte	22
 160 0004 10       		.byte	16
 161 0005 69       		.byte	105
 162 0006 00       		.byte	0
 163 0007 01       		.byte	1
 164 0008 00       		.byte	0
 165 0009 00       		.byte	0
 166 000a 00       		.byte	0
 167 000b 00       		.byte	0
 168              		.section	.cyflashprotect,"a",%progbits
 169              		.align	2
 170              		.type	cy_meta_flashprotect, %object
 171              		.size	cy_meta_flashprotect, 256
ARM GAS  C:\Users\Piimps\AppData\Local\Temp\cc2g49zg.s 			page 4


 172              	cy_meta_flashprotect:
 173 0000 00000000 		.space	256
 173      00000000 
 173      00000000 
 173      00000000 
 173      00000000 
 174              		.text
 175              	.Letext0:
 176              		.file 1 "c:\\program files (x86)\\cypress\\psoc creator\\4.3\\psoc creator\\import\\gnu\\arm\\5.4.
 177              		.file 2 "c:\\program files (x86)\\cypress\\psoc creator\\4.3\\psoc creator\\import\\gnu\\arm\\5.4.
 178              		.file 3 "Generated_Source\\PSoC5\\cymetadata.c"
 179              		.section	.debug_info,"",%progbits
 180              	.Ldebug_info0:
 181 0000 30010000 		.4byte	0x130
 182 0004 0400     		.2byte	0x4
 183 0006 00000000 		.4byte	.Ldebug_abbrev0
 184 000a 04       		.byte	0x4
 185 000b 01       		.uleb128 0x1
 186 000c 24000000 		.4byte	.LASF17
 187 0010 0C       		.byte	0xc
 188 0011 C6010000 		.4byte	.LASF18
 189 0015 7E010000 		.4byte	.LASF19
 190 0019 00000000 		.4byte	.Ldebug_line0
 191 001d 02       		.uleb128 0x2
 192 001e 01       		.byte	0x1
 193 001f 06       		.byte	0x6
 194 0020 72010000 		.4byte	.LASF0
 195 0024 03       		.uleb128 0x3
 196 0025 00000000 		.4byte	.LASF9
 197 0029 01       		.byte	0x1
 198 002a 1D       		.byte	0x1d
 199 002b 2F000000 		.4byte	0x2f
 200 002f 02       		.uleb128 0x2
 201 0030 01       		.byte	0x1
 202 0031 08       		.byte	0x8
 203 0032 16000000 		.4byte	.LASF1
 204 0036 02       		.uleb128 0x2
 205 0037 02       		.byte	0x2
 206 0038 05       		.byte	0x5
 207 0039 5F010000 		.4byte	.LASF2
 208 003d 02       		.uleb128 0x2
 209 003e 02       		.byte	0x2
 210 003f 07       		.byte	0x7
 211 0040 C4000000 		.4byte	.LASF3
 212 0044 02       		.uleb128 0x2
 213 0045 04       		.byte	0x4
 214 0046 05       		.byte	0x5
 215 0047 69010000 		.4byte	.LASF4
 216 004b 02       		.uleb128 0x2
 217 004c 04       		.byte	0x4
 218 004d 07       		.byte	0x7
 219 004e B2000000 		.4byte	.LASF5
 220 0052 02       		.uleb128 0x2
 221 0053 08       		.byte	0x8
 222 0054 05       		.byte	0x5
 223 0055 51010000 		.4byte	.LASF6
 224 0059 02       		.uleb128 0x2
ARM GAS  C:\Users\Piimps\AppData\Local\Temp\cc2g49zg.s 			page 5


 225 005a 08       		.byte	0x8
 226 005b 07       		.byte	0x7
 227 005c 06010000 		.4byte	.LASF7
 228 0060 04       		.uleb128 0x4
 229 0061 04       		.byte	0x4
 230 0062 05       		.byte	0x5
 231 0063 696E7400 		.ascii	"int\000"
 232 0067 02       		.uleb128 0x2
 233 0068 04       		.byte	0x4
 234 0069 07       		.byte	0x7
 235 006a F9000000 		.4byte	.LASF8
 236 006e 03       		.uleb128 0x3
 237 006f 1D010000 		.4byte	.LASF10
 238 0073 02       		.byte	0x2
 239 0074 18       		.byte	0x18
 240 0075 24000000 		.4byte	0x24
 241 0079 05       		.uleb128 0x5
 242 007a 90000000 		.4byte	0x90
 243 007e 89000000 		.4byte	0x89
 244 0082 06       		.uleb128 0x6
 245 0083 89000000 		.4byte	0x89
 246 0087 67       		.byte	0x67
 247 0088 00       		.byte	0
 248 0089 02       		.uleb128 0x2
 249 008a 04       		.byte	0x4
 250 008b 07       		.byte	0x7
 251 008c 48010000 		.4byte	.LASF11
 252 0090 07       		.uleb128 0x7
 253 0091 6E000000 		.4byte	0x6e
 254 0095 08       		.uleb128 0x8
 255 0096 E7000000 		.4byte	.LASF12
 256 009a 03       		.byte	0x3
 257 009b 1F       		.byte	0x1f
 258 009c A6000000 		.4byte	0xa6
 259 00a0 05       		.uleb128 0x5
 260 00a1 03       		.byte	0x3
 261 00a2 00000000 		.4byte	cy_meta_configecc
 262 00a6 07       		.uleb128 0x7
 263 00a7 79000000 		.4byte	0x79
 264 00ab 05       		.uleb128 0x5
 265 00ac 90000000 		.4byte	0x90
 266 00b0 BB000000 		.4byte	0xbb
 267 00b4 06       		.uleb128 0x6
 268 00b5 89000000 		.4byte	0x89
 269 00b9 03       		.byte	0x3
 270 00ba 00       		.byte	0
 271 00bb 08       		.uleb128 0x8
 272 00bc D7000000 		.4byte	.LASF13
 273 00c0 03       		.byte	0x3
 274 00c1 39       		.byte	0x39
 275 00c2 CC000000 		.4byte	0xcc
 276 00c6 05       		.uleb128 0x5
 277 00c7 03       		.byte	0x3
 278 00c8 00000000 		.4byte	cy_meta_custnvl
 279 00cc 07       		.uleb128 0x7
 280 00cd AB000000 		.4byte	0xab
 281 00d1 08       		.uleb128 0x8
ARM GAS  C:\Users\Piimps\AppData\Local\Temp\cc2g49zg.s 			page 6


 282 00d2 3A010000 		.4byte	.LASF14
 283 00d6 03       		.byte	0x3
 284 00d7 47       		.byte	0x47
 285 00d8 E2000000 		.4byte	0xe2
 286 00dc 05       		.uleb128 0x5
 287 00dd 03       		.byte	0x3
 288 00de 00000000 		.4byte	cy_meta_wonvl
 289 00e2 07       		.uleb128 0x7
 290 00e3 AB000000 		.4byte	0xab
 291 00e7 05       		.uleb128 0x5
 292 00e8 90000000 		.4byte	0x90
 293 00ec F7000000 		.4byte	0xf7
 294 00f0 06       		.uleb128 0x6
 295 00f1 89000000 		.4byte	0x89
 296 00f5 FF       		.byte	0xff
 297 00f6 00       		.byte	0
 298 00f7 08       		.uleb128 0x8
 299 00f8 25010000 		.4byte	.LASF15
 300 00fc 03       		.byte	0x3
 301 00fd 55       		.byte	0x55
 302 00fe 08010000 		.4byte	0x108
 303 0102 05       		.uleb128 0x5
 304 0103 03       		.byte	0x3
 305 0104 00000000 		.4byte	cy_meta_flashprotect
 306 0108 07       		.uleb128 0x7
 307 0109 E7000000 		.4byte	0xe7
 308 010d 05       		.uleb128 0x5
 309 010e 90000000 		.4byte	0x90
 310 0112 1D010000 		.4byte	0x11d
 311 0116 06       		.uleb128 0x6
 312 0117 89000000 		.4byte	0x89
 313 011b 0B       		.byte	0xb
 314 011c 00       		.byte	0
 315 011d 08       		.uleb128 0x8
 316 011e 0A000000 		.4byte	.LASF16
 317 0122 03       		.byte	0x3
 318 0123 82       		.byte	0x82
 319 0124 2E010000 		.4byte	0x12e
 320 0128 05       		.uleb128 0x5
 321 0129 03       		.byte	0x3
 322 012a 00000000 		.4byte	cy_metadata
 323 012e 07       		.uleb128 0x7
 324 012f 0D010000 		.4byte	0x10d
 325 0133 00       		.byte	0
 326              		.section	.debug_abbrev,"",%progbits
 327              	.Ldebug_abbrev0:
 328 0000 01       		.uleb128 0x1
 329 0001 11       		.uleb128 0x11
 330 0002 01       		.byte	0x1
 331 0003 25       		.uleb128 0x25
 332 0004 0E       		.uleb128 0xe
 333 0005 13       		.uleb128 0x13
 334 0006 0B       		.uleb128 0xb
 335 0007 03       		.uleb128 0x3
 336 0008 0E       		.uleb128 0xe
 337 0009 1B       		.uleb128 0x1b
 338 000a 0E       		.uleb128 0xe
ARM GAS  C:\Users\Piimps\AppData\Local\Temp\cc2g49zg.s 			page 7


 339 000b 10       		.uleb128 0x10
 340 000c 17       		.uleb128 0x17
 341 000d 00       		.byte	0
 342 000e 00       		.byte	0
 343 000f 02       		.uleb128 0x2
 344 0010 24       		.uleb128 0x24
 345 0011 00       		.byte	0
 346 0012 0B       		.uleb128 0xb
 347 0013 0B       		.uleb128 0xb
 348 0014 3E       		.uleb128 0x3e
 349 0015 0B       		.uleb128 0xb
 350 0016 03       		.uleb128 0x3
 351 0017 0E       		.uleb128 0xe
 352 0018 00       		.byte	0
 353 0019 00       		.byte	0
 354 001a 03       		.uleb128 0x3
 355 001b 16       		.uleb128 0x16
 356 001c 00       		.byte	0
 357 001d 03       		.uleb128 0x3
 358 001e 0E       		.uleb128 0xe
 359 001f 3A       		.uleb128 0x3a
 360 0020 0B       		.uleb128 0xb
 361 0021 3B       		.uleb128 0x3b
 362 0022 0B       		.uleb128 0xb
 363 0023 49       		.uleb128 0x49
 364 0024 13       		.uleb128 0x13
 365 0025 00       		.byte	0
 366 0026 00       		.byte	0
 367 0027 04       		.uleb128 0x4
 368 0028 24       		.uleb128 0x24
 369 0029 00       		.byte	0
 370 002a 0B       		.uleb128 0xb
 371 002b 0B       		.uleb128 0xb
 372 002c 3E       		.uleb128 0x3e
 373 002d 0B       		.uleb128 0xb
 374 002e 03       		.uleb128 0x3
 375 002f 08       		.uleb128 0x8
 376 0030 00       		.byte	0
 377 0031 00       		.byte	0
 378 0032 05       		.uleb128 0x5
 379 0033 01       		.uleb128 0x1
 380 0034 01       		.byte	0x1
 381 0035 49       		.uleb128 0x49
 382 0036 13       		.uleb128 0x13
 383 0037 01       		.uleb128 0x1
 384 0038 13       		.uleb128 0x13
 385 0039 00       		.byte	0
 386 003a 00       		.byte	0
 387 003b 06       		.uleb128 0x6
 388 003c 21       		.uleb128 0x21
 389 003d 00       		.byte	0
 390 003e 49       		.uleb128 0x49
 391 003f 13       		.uleb128 0x13
 392 0040 2F       		.uleb128 0x2f
 393 0041 0B       		.uleb128 0xb
 394 0042 00       		.byte	0
 395 0043 00       		.byte	0
ARM GAS  C:\Users\Piimps\AppData\Local\Temp\cc2g49zg.s 			page 8


 396 0044 07       		.uleb128 0x7
 397 0045 26       		.uleb128 0x26
 398 0046 00       		.byte	0
 399 0047 49       		.uleb128 0x49
 400 0048 13       		.uleb128 0x13
 401 0049 00       		.byte	0
 402 004a 00       		.byte	0
 403 004b 08       		.uleb128 0x8
 404 004c 34       		.uleb128 0x34
 405 004d 00       		.byte	0
 406 004e 03       		.uleb128 0x3
 407 004f 0E       		.uleb128 0xe
 408 0050 3A       		.uleb128 0x3a
 409 0051 0B       		.uleb128 0xb
 410 0052 3B       		.uleb128 0x3b
 411 0053 0B       		.uleb128 0xb
 412 0054 49       		.uleb128 0x49
 413 0055 13       		.uleb128 0x13
 414 0056 3F       		.uleb128 0x3f
 415 0057 19       		.uleb128 0x19
 416 0058 02       		.uleb128 0x2
 417 0059 18       		.uleb128 0x18
 418 005a 00       		.byte	0
 419 005b 00       		.byte	0
 420 005c 00       		.byte	0
 421              		.section	.debug_aranges,"",%progbits
 422 0000 14000000 		.4byte	0x14
 423 0004 0200     		.2byte	0x2
 424 0006 00000000 		.4byte	.Ldebug_info0
 425 000a 04       		.byte	0x4
 426 000b 00       		.byte	0
 427 000c 0000     		.2byte	0
 428 000e 0000     		.2byte	0
 429 0010 00000000 		.4byte	0
 430 0014 00000000 		.4byte	0
 431              		.section	.debug_line,"",%progbits
 432              	.Ldebug_line0:
 433 0000 3D010000 		.section	.debug_str,"MS",%progbits,1
 433      02003701 
 433      00000201 
 433      FB0E0D00 
 433      01010101 
 434              	.LASF9:
 435 0000 5F5F7569 		.ascii	"__uint8_t\000"
 435      6E74385F 
 435      7400
 436              	.LASF16:
 437 000a 63795F6D 		.ascii	"cy_metadata\000"
 437      65746164 
 437      61746100 
 438              	.LASF1:
 439 0016 756E7369 		.ascii	"unsigned char\000"
 439      676E6564 
 439      20636861 
 439      7200
 440              	.LASF17:
 441 0024 474E5520 		.ascii	"GNU C11 5.4.1 20160609 (release) [ARM/embedded-5-br"
ARM GAS  C:\Users\Piimps\AppData\Local\Temp\cc2g49zg.s 			page 9


 441      43313120 
 441      352E342E 
 441      31203230 
 441      31363036 
 442 0057 616E6368 		.ascii	"anch revision 237715] -mcpu=cortex-m3 -mthumb -g -O"
 442      20726576 
 442      6973696F 
 442      6E203233 
 442      37373135 
 443 008a 67202D66 		.ascii	"g -ffunction-sections -ffat-lto-objects\000"
 443      66756E63 
 443      74696F6E 
 443      2D736563 
 443      74696F6E 
 444              	.LASF5:
 445 00b2 6C6F6E67 		.ascii	"long unsigned int\000"
 445      20756E73 
 445      69676E65 
 445      6420696E 
 445      7400
 446              	.LASF3:
 447 00c4 73686F72 		.ascii	"short unsigned int\000"
 447      7420756E 
 447      7369676E 
 447      65642069 
 447      6E7400
 448              	.LASF13:
 449 00d7 63795F6D 		.ascii	"cy_meta_custnvl\000"
 449      6574615F 
 449      63757374 
 449      6E766C00 
 450              	.LASF12:
 451 00e7 63795F6D 		.ascii	"cy_meta_configecc\000"
 451      6574615F 
 451      636F6E66 
 451      69676563 
 451      6300
 452              	.LASF8:
 453 00f9 756E7369 		.ascii	"unsigned int\000"
 453      676E6564 
 453      20696E74 
 453      00
 454              	.LASF7:
 455 0106 6C6F6E67 		.ascii	"long long unsigned int\000"
 455      206C6F6E 
 455      6720756E 
 455      7369676E 
 455      65642069 
 456              	.LASF10:
 457 011d 75696E74 		.ascii	"uint8_t\000"
 457      385F7400 
 458              	.LASF15:
 459 0125 63795F6D 		.ascii	"cy_meta_flashprotect\000"
 459      6574615F 
 459      666C6173 
 459      6870726F 
 459      74656374 
ARM GAS  C:\Users\Piimps\AppData\Local\Temp\cc2g49zg.s 			page 10


 460              	.LASF14:
 461 013a 63795F6D 		.ascii	"cy_meta_wonvl\000"
 461      6574615F 
 461      776F6E76 
 461      6C00
 462              	.LASF11:
 463 0148 73697A65 		.ascii	"sizetype\000"
 463      74797065 
 463      00
 464              	.LASF6:
 465 0151 6C6F6E67 		.ascii	"long long int\000"
 465      206C6F6E 
 465      6720696E 
 465      7400
 466              	.LASF2:
 467 015f 73686F72 		.ascii	"short int\000"
 467      7420696E 
 467      7400
 468              	.LASF4:
 469 0169 6C6F6E67 		.ascii	"long int\000"
 469      20696E74 
 469      00
 470              	.LASF0:
 471 0172 7369676E 		.ascii	"signed char\000"
 471      65642063 
 471      68617200 
 472              	.LASF19:
 473 017e 433A5C55 		.ascii	"C:\\Users\\Piimps\\Documents\\PSoC Creator\\Project"
 473      73657273 
 473      5C506969 
 473      6D70735C 
 473      446F6375 
 474 01ac 5F456C65 		.ascii	"_Elec\\Project_Final.cydsn\000"
 474      635C5072 
 474      6F6A6563 
 474      745F4669 
 474      6E616C2E 
 475              	.LASF18:
 476 01c6 47656E65 		.ascii	"Generated_Source\\PSoC5\\cymetadata.c\000"
 476      72617465 
 476      645F536F 
 476      75726365 
 476      5C50536F 
 477              		.ident	"GCC: (GNU Tools for ARM Embedded Processors) 5.4.1 20160609 (release) [ARM/embedded-5-bran
