ARM GAS  C:\Users\Piimps\AppData\Local\Temp\cc89eND2.s 			page 1


   1              		.syntax unified
   2              		.cpu cortex-m3
   3              		.fpu softvfp
   4              		.eabi_attribute 20, 1
   5              		.eabi_attribute 21, 1
   6              		.eabi_attribute 23, 3
   7              		.eabi_attribute 24, 1
   8              		.eabi_attribute 25, 1
   9              		.eabi_attribute 26, 1
  10              		.eabi_attribute 30, 1
  11              		.eabi_attribute 34, 1
  12              		.eabi_attribute 18, 4
  13              		.thumb
  14              		.syntax unified
  15              		.file	"morse.c"
  16              		.text
  17              	.Ltext0:
  18              		.cfi_sections	.debug_frame
  19              		.section	.text.translateToMorse,"ax",%progbits
  20              		.align	2
  21              		.global	translateToMorse
  22              		.thumb
  23              		.thumb_func
  24              		.type	translateToMorse, %function
  25              	translateToMorse:
  26              	.LFB64:
  27              		.file 1 "morse.c"
   1:morse.c       **** /* ========================================
   2:morse.c       ****  *
   3:morse.c       ****  * Copyright YOUR COMPANY, THE YEAR
   4:morse.c       ****  * All Rights Reserved
   5:morse.c       ****  * UNPUBLISHED, LICENSED SOFTWARE.
   6:morse.c       ****  *
   7:morse.c       ****  * CONFIDENTIAL AND PROPRIETARY INFORMATION
   8:morse.c       ****  * WHICH IS THE PROPERTY OF your company.
   9:morse.c       ****  *
  10:morse.c       ****  * ========================================
  11:morse.c       **** */
  12:morse.c       **** 
  13:morse.c       **** #include "project.h"
  14:morse.c       **** #include <stdio.h>
  15:morse.c       **** #include <stdlib.h>
  16:morse.c       **** 
  17:morse.c       **** 
  18:morse.c       **** char* translateToMorse(char caractere){
  28              		.loc 1 18 0
  29              		.cfi_startproc
  30              		@ args = 0, pretend = 0, frame = 0
  31              		@ frame_needed = 0, uses_anonymous_args = 0
  32              		@ link register save eliminated.
  33              	.LVL0:
  19:morse.c       **** 
  20:morse.c       **** char* myReturn[20];
  21:morse.c       **** char *carac[40];
  22:morse.c       **** 
  23:morse.c       **** carac[0] = ". -";
  24:morse.c       **** carac[1] = "- . . .";
ARM GAS  C:\Users\Piimps\AppData\Local\Temp\cc89eND2.s 			page 2


  25:morse.c       **** carac[2] = "- . - .";
  26:morse.c       **** carac[3] = "- . .";
  27:morse.c       **** carac[4] = ".";
  28:morse.c       **** carac[5] = ". . - .";
  29:morse.c       **** carac[6] = "- - .";
  30:morse.c       **** carac[7] = ". . . .";
  31:morse.c       **** carac[8] = ". .";
  32:morse.c       **** carac[9] = ". - - -";
  33:morse.c       **** 
  34:morse.c       **** carac[10] = "- . -";
  35:morse.c       **** carac[11] = "-. - . .";
  36:morse.c       **** carac[12] = "- -";
  37:morse.c       **** carac[13] = "- .";
  38:morse.c       **** carac[14] = "- - -";
  39:morse.c       **** carac[15] = ". - - .";
  40:morse.c       **** carac[16] = "- - . -";
  41:morse.c       **** carac[17] = ". - .";
  42:morse.c       **** carac[18] = ". . .";
  43:morse.c       **** carac[19] = "-";
  44:morse.c       **** carac[20] = ". . -";
  45:morse.c       **** carac[21] = ". . . -";
  46:morse.c       **** carac[22] = ". - -";
  47:morse.c       **** carac[23] = "- . . -";
  48:morse.c       **** carac[24] = "- . - -";
  49:morse.c       **** carac[25] = "- - . .";
  50:morse.c       **** 
  51:morse.c       **** carac[26]="- - - - -";
  52:morse.c       **** carac[27]=". - - - -";
  53:morse.c       **** carac[28]=". . - - -";
  54:morse.c       **** carac[29]=". . . - -";
  55:morse.c       **** carac[30]=". . . . -";
  56:morse.c       **** carac[31]=". . . . .";
  57:morse.c       **** carac[32]="- . . . .";
  58:morse.c       **** carac[33]="- - . . .";
  59:morse.c       **** carac[34]="- - - . .";
  60:morse.c       **** carac[35]="- - - - .";
  61:morse.c       **** carac[36] = ". - . - . -";
  62:morse.c       **** carac[37] = ". . - - . .";
  63:morse.c       **** carac[38] = "- . - . - -";
  64:morse.c       **** carac[39] = ". - - . - .";
  65:morse.c       **** 
  66:morse.c       **** switch (caractere)
  34              		.loc 1 66 0
  35 0000 2138     		subs	r0, r0, #33
  36              	.LVL1:
  37 0002 5928     		cmp	r0, #89
  38 0004 2ED8     		bhi	.L2
  39 0006 DFE800F0 		tbb	[pc, r0]
  40              	.L4:
  41 000a 79       		.byte	(.L3-.L4)/2
  42 000b 2D       		.byte	(.L2-.L4)/2
  43 000c 2D       		.byte	(.L2-.L4)/2
  44 000d 2D       		.byte	(.L2-.L4)/2
  45 000e 2D       		.byte	(.L2-.L4)/2
  46 000f 2D       		.byte	(.L2-.L4)/2
  47 0010 2D       		.byte	(.L2-.L4)/2
  48 0011 2D       		.byte	(.L2-.L4)/2
ARM GAS  C:\Users\Piimps\AppData\Local\Temp\cc89eND2.s 			page 3


  49 0012 2D       		.byte	(.L2-.L4)/2
  50 0013 2D       		.byte	(.L2-.L4)/2
  51 0014 2D       		.byte	(.L2-.L4)/2
  52 0015 2D       		.byte	(.L2-.L4)/2
  53 0016 2D       		.byte	(.L2-.L4)/2
  54 0017 75       		.byte	(.L5-.L4)/2
  55 0018 2D       		.byte	(.L2-.L4)/2
  56 0019 61       		.byte	(.L6-.L4)/2
  57 001a 63       		.byte	(.L7-.L4)/2
  58 001b 65       		.byte	(.L8-.L4)/2
  59 001c 67       		.byte	(.L9-.L4)/2
  60 001d 69       		.byte	(.L10-.L4)/2
  61 001e 6B       		.byte	(.L11-.L4)/2
  62 001f 6D       		.byte	(.L12-.L4)/2
  63 0020 6F       		.byte	(.L13-.L4)/2
  64 0021 71       		.byte	(.L14-.L4)/2
  65 0022 73       		.byte	(.L15-.L4)/2
  66 0023 2D       		.byte	(.L2-.L4)/2
  67 0024 2D       		.byte	(.L2-.L4)/2
  68 0025 2D       		.byte	(.L2-.L4)/2
  69 0026 2D       		.byte	(.L2-.L4)/2
  70 0027 2D       		.byte	(.L2-.L4)/2
  71 0028 77       		.byte	(.L16-.L4)/2
  72 0029 7B       		.byte	(.L17-.L4)/2
  73 002a 2D       		.byte	(.L2-.L4)/2
  74 002b 2D       		.byte	(.L2-.L4)/2
  75 002c 2D       		.byte	(.L2-.L4)/2
  76 002d 2D       		.byte	(.L2-.L4)/2
  77 002e 2D       		.byte	(.L2-.L4)/2
  78 002f 2D       		.byte	(.L2-.L4)/2
  79 0030 2D       		.byte	(.L2-.L4)/2
  80 0031 2D       		.byte	(.L2-.L4)/2
  81 0032 2D       		.byte	(.L2-.L4)/2
  82 0033 2D       		.byte	(.L2-.L4)/2
  83 0034 2D       		.byte	(.L2-.L4)/2
  84 0035 2D       		.byte	(.L2-.L4)/2
  85 0036 2D       		.byte	(.L2-.L4)/2
  86 0037 2D       		.byte	(.L2-.L4)/2
  87 0038 2D       		.byte	(.L2-.L4)/2
  88 0039 2D       		.byte	(.L2-.L4)/2
  89 003a 2D       		.byte	(.L2-.L4)/2
  90 003b 2D       		.byte	(.L2-.L4)/2
  91 003c 2D       		.byte	(.L2-.L4)/2
  92 003d 2D       		.byte	(.L2-.L4)/2
  93 003e 2D       		.byte	(.L2-.L4)/2
  94 003f 2D       		.byte	(.L2-.L4)/2
  95 0040 2D       		.byte	(.L2-.L4)/2
  96 0041 2D       		.byte	(.L2-.L4)/2
  97 0042 2D       		.byte	(.L2-.L4)/2
  98 0043 2D       		.byte	(.L2-.L4)/2
  99 0044 2D       		.byte	(.L2-.L4)/2
 100 0045 2D       		.byte	(.L2-.L4)/2
 101 0046 2D       		.byte	(.L2-.L4)/2
 102 0047 2D       		.byte	(.L2-.L4)/2
 103 0048 2D       		.byte	(.L2-.L4)/2
 104 0049 2D       		.byte	(.L2-.L4)/2
 105 004a 7D       		.byte	(.L44-.L4)/2
ARM GAS  C:\Users\Piimps\AppData\Local\Temp\cc89eND2.s 			page 4


 106 004b 2F       		.byte	(.L19-.L4)/2
 107 004c 31       		.byte	(.L20-.L4)/2
 108 004d 33       		.byte	(.L21-.L4)/2
 109 004e 35       		.byte	(.L22-.L4)/2
 110 004f 37       		.byte	(.L23-.L4)/2
 111 0050 39       		.byte	(.L24-.L4)/2
 112 0051 3B       		.byte	(.L25-.L4)/2
 113 0052 3D       		.byte	(.L26-.L4)/2
 114 0053 3F       		.byte	(.L27-.L4)/2
 115 0054 41       		.byte	(.L28-.L4)/2
 116 0055 43       		.byte	(.L29-.L4)/2
 117 0056 45       		.byte	(.L30-.L4)/2
 118 0057 47       		.byte	(.L31-.L4)/2
 119 0058 49       		.byte	(.L32-.L4)/2
 120 0059 4B       		.byte	(.L33-.L4)/2
 121 005a 4D       		.byte	(.L34-.L4)/2
 122 005b 4F       		.byte	(.L35-.L4)/2
 123 005c 51       		.byte	(.L36-.L4)/2
 124 005d 53       		.byte	(.L37-.L4)/2
 125 005e 55       		.byte	(.L38-.L4)/2
 126 005f 57       		.byte	(.L39-.L4)/2
 127 0060 59       		.byte	(.L40-.L4)/2
 128 0061 5B       		.byte	(.L41-.L4)/2
 129 0062 5D       		.byte	(.L42-.L4)/2
 130 0063 5F       		.byte	(.L43-.L4)/2
 131              		.p2align 1
 132              	.L2:
  67:morse.c       **** {
  68:morse.c       ****     case 'a':
  69:morse.c       ****      return carac[0];
  70:morse.c       ****      ;
  71:morse.c       ****     case 'b':
  72:morse.c       ****      return carac[1];
  73:morse.c       ****      ;
  74:morse.c       ****     case 'c':
  75:morse.c       ****      return carac[2];
  76:morse.c       ****      ;
  77:morse.c       ****     case 'd':
  78:morse.c       ****      return carac[3];
  79:morse.c       ****      ;
  80:morse.c       ****     case 'e':
  81:morse.c       ****      return carac[4];
  82:morse.c       ****      ;
  83:morse.c       ****     case 'f':
  84:morse.c       ****      return carac[5];
  85:morse.c       ****      ;
  86:morse.c       ****     case 'g':
  87:morse.c       ****      return carac[6];
  88:morse.c       ****      ;
  89:morse.c       ****     case 'h':
  90:morse.c       ****      return carac[7];
  91:morse.c       ****      ;
  92:morse.c       ****     case 'i':
  93:morse.c       ****      return carac[8];
  94:morse.c       ****      ;
  95:morse.c       ****     case 'j':
  96:morse.c       ****      return carac[9];
ARM GAS  C:\Users\Piimps\AppData\Local\Temp\cc89eND2.s 			page 5


  97:morse.c       ****      ;
  98:morse.c       ****     case 'k':
  99:morse.c       ****      return carac[10];
 100:morse.c       ****      ;
 101:morse.c       ****     case 'l':
 102:morse.c       ****      return carac[11];
 103:morse.c       ****      ;
 104:morse.c       ****     case 'm':
 105:morse.c       ****      return carac[12];
 106:morse.c       ****      ;
 107:morse.c       ****     case 'n':
 108:morse.c       ****      return carac[13];
 109:morse.c       ****      ;
 110:morse.c       ****     case 'o':
 111:morse.c       ****      return carac[14];
 112:morse.c       ****      ;
 113:morse.c       ****     case 'p':
 114:morse.c       ****      return carac[15];
 115:morse.c       ****      ;
 116:morse.c       ****     case 'q':
 117:morse.c       ****      return carac[16];
 118:morse.c       ****      ;
 119:morse.c       ****     case 'r':
 120:morse.c       ****      return carac[17];
 121:morse.c       ****      ;
 122:morse.c       ****     case 's':
 123:morse.c       ****      return carac[18];
 124:morse.c       ****      ;
 125:morse.c       ****     case 't':
 126:morse.c       ****      return carac[19];
 127:morse.c       ****      ;
 128:morse.c       ****     case 'u':
 129:morse.c       ****      return carac[20];
 130:morse.c       ****      ;
 131:morse.c       ****     case 'v':
 132:morse.c       ****      return carac[21];
 133:morse.c       ****      ;
 134:morse.c       ****     case 'w':
 135:morse.c       ****      return carac[22];
 136:morse.c       ****      ;
 137:morse.c       ****     case 'x':
 138:morse.c       ****      return carac[23];
 139:morse.c       ****      ;
 140:morse.c       ****     case 'y':
 141:morse.c       ****      return carac[24];
 142:morse.c       ****      ;
 143:morse.c       ****     case 'z':
 144:morse.c       ****      return carac[25];
 145:morse.c       ****      ;
 146:morse.c       ****     case '0':
 147:morse.c       ****      return carac[26];
 148:morse.c       ****      ;
 149:morse.c       ****     case '1':
 150:morse.c       ****      return carac[27];
 151:morse.c       ****      ;
 152:morse.c       ****     case '2':
 153:morse.c       ****      return carac[28];
ARM GAS  C:\Users\Piimps\AppData\Local\Temp\cc89eND2.s 			page 6


 154:morse.c       ****      ;
 155:morse.c       ****     case '3':
 156:morse.c       ****      return carac[29];
 157:morse.c       ****      ;
 158:morse.c       ****     case '4':
 159:morse.c       ****      return carac[30];
 160:morse.c       ****      ;
 161:morse.c       ****     case '5':
 162:morse.c       ****      return carac[31];
 163:morse.c       ****      ;
 164:morse.c       ****     case '6':
 165:morse.c       ****      return carac[32];
 166:morse.c       ****      ;
 167:morse.c       ****     case '7':
 168:morse.c       ****      return carac[33];
 169:morse.c       ****      ;
 170:morse.c       ****     case '8':
 171:morse.c       ****      return carac[34];
 172:morse.c       ****      ;
 173:morse.c       ****     case '9':
 174:morse.c       ****      return carac[35];
 175:morse.c       ****      ;
 176:morse.c       ****     case '.':
 177:morse.c       ****      return carac[36];
 178:morse.c       ****      ;
 179:morse.c       ****     case '?':
 180:morse.c       ****      return carac[37];
 181:morse.c       ****      ;
 182:morse.c       ****     case '!':
 183:morse.c       ****      return carac[38];
 184:morse.c       ****      ;
 185:morse.c       ****     case '@':
 186:morse.c       ****      return carac[39];
 187:morse.c       ****      ;
 188:morse.c       **** }
 189:morse.c       ****     return 0;
 133              		.loc 1 189 0
 134 0064 0020     		movs	r0, #0
 135 0066 7047     		bx	lr
 136              	.L19:
  72:morse.c       ****      ;
 137              		.loc 1 72 0
 138 0068 2748     		ldr	r0, .L45
 139 006a 7047     		bx	lr
 140              	.L20:
  75:morse.c       ****      ;
 141              		.loc 1 75 0
 142 006c 2748     		ldr	r0, .L45+4
 143 006e 7047     		bx	lr
 144              	.L21:
  78:morse.c       ****      ;
 145              		.loc 1 78 0
 146 0070 2748     		ldr	r0, .L45+8
 147 0072 7047     		bx	lr
 148              	.L22:
  81:morse.c       ****      ;
 149              		.loc 1 81 0
ARM GAS  C:\Users\Piimps\AppData\Local\Temp\cc89eND2.s 			page 7


 150 0074 2748     		ldr	r0, .L45+12
 151 0076 7047     		bx	lr
 152              	.L23:
  84:morse.c       ****      ;
 153              		.loc 1 84 0
 154 0078 2748     		ldr	r0, .L45+16
 155 007a 7047     		bx	lr
 156              	.L24:
  87:morse.c       ****      ;
 157              		.loc 1 87 0
 158 007c 2748     		ldr	r0, .L45+20
 159 007e 7047     		bx	lr
 160              	.L25:
  90:morse.c       ****      ;
 161              		.loc 1 90 0
 162 0080 2748     		ldr	r0, .L45+24
 163 0082 7047     		bx	lr
 164              	.L26:
  93:morse.c       ****      ;
 165              		.loc 1 93 0
 166 0084 2748     		ldr	r0, .L45+28
 167 0086 7047     		bx	lr
 168              	.L27:
  96:morse.c       ****      ;
 169              		.loc 1 96 0
 170 0088 2748     		ldr	r0, .L45+32
 171 008a 7047     		bx	lr
 172              	.L28:
  99:morse.c       ****      ;
 173              		.loc 1 99 0
 174 008c 2748     		ldr	r0, .L45+36
 175 008e 7047     		bx	lr
 176              	.L29:
 102:morse.c       ****      ;
 177              		.loc 1 102 0
 178 0090 2748     		ldr	r0, .L45+40
 179 0092 7047     		bx	lr
 180              	.L30:
 105:morse.c       ****      ;
 181              		.loc 1 105 0
 182 0094 2748     		ldr	r0, .L45+44
 183 0096 7047     		bx	lr
 184              	.L31:
 108:morse.c       ****      ;
 185              		.loc 1 108 0
 186 0098 2748     		ldr	r0, .L45+48
 187 009a 7047     		bx	lr
 188              	.L32:
 111:morse.c       ****      ;
 189              		.loc 1 111 0
 190 009c 2748     		ldr	r0, .L45+52
 191 009e 7047     		bx	lr
 192              	.L33:
 114:morse.c       ****      ;
 193              		.loc 1 114 0
 194 00a0 2748     		ldr	r0, .L45+56
 195 00a2 7047     		bx	lr
ARM GAS  C:\Users\Piimps\AppData\Local\Temp\cc89eND2.s 			page 8


 196              	.L34:
 117:morse.c       ****      ;
 197              		.loc 1 117 0
 198 00a4 2748     		ldr	r0, .L45+60
 199 00a6 7047     		bx	lr
 200              	.L35:
 120:morse.c       ****      ;
 201              		.loc 1 120 0
 202 00a8 2748     		ldr	r0, .L45+64
 203 00aa 7047     		bx	lr
 204              	.L36:
 123:morse.c       ****      ;
 205              		.loc 1 123 0
 206 00ac 2748     		ldr	r0, .L45+68
 207 00ae 7047     		bx	lr
 208              	.L37:
 126:morse.c       ****      ;
 209              		.loc 1 126 0
 210 00b0 2748     		ldr	r0, .L45+72
 211 00b2 7047     		bx	lr
 212              	.L38:
 129:morse.c       ****      ;
 213              		.loc 1 129 0
 214 00b4 2748     		ldr	r0, .L45+76
 215 00b6 7047     		bx	lr
 216              	.L39:
 132:morse.c       ****      ;
 217              		.loc 1 132 0
 218 00b8 2748     		ldr	r0, .L45+80
 219 00ba 7047     		bx	lr
 220              	.L40:
 135:morse.c       ****      ;
 221              		.loc 1 135 0
 222 00bc 2748     		ldr	r0, .L45+84
 223 00be 7047     		bx	lr
 224              	.L41:
 138:morse.c       ****      ;
 225              		.loc 1 138 0
 226 00c0 2748     		ldr	r0, .L45+88
 227 00c2 7047     		bx	lr
 228              	.L42:
 141:morse.c       ****      ;
 229              		.loc 1 141 0
 230 00c4 2748     		ldr	r0, .L45+92
 231 00c6 7047     		bx	lr
 232              	.L43:
 144:morse.c       ****      ;
 233              		.loc 1 144 0
 234 00c8 2748     		ldr	r0, .L45+96
 235 00ca 7047     		bx	lr
 236              	.L6:
 147:morse.c       ****      ;
 237              		.loc 1 147 0
 238 00cc 2748     		ldr	r0, .L45+100
 239 00ce 7047     		bx	lr
 240              	.L7:
 150:morse.c       ****      ;
ARM GAS  C:\Users\Piimps\AppData\Local\Temp\cc89eND2.s 			page 9


 241              		.loc 1 150 0
 242 00d0 2748     		ldr	r0, .L45+104
 243 00d2 7047     		bx	lr
 244              	.L8:
 153:morse.c       ****      ;
 245              		.loc 1 153 0
 246 00d4 2748     		ldr	r0, .L45+108
 247 00d6 7047     		bx	lr
 248              	.L9:
 156:morse.c       ****      ;
 249              		.loc 1 156 0
 250 00d8 2748     		ldr	r0, .L45+112
 251 00da 7047     		bx	lr
 252              	.L10:
 159:morse.c       ****      ;
 253              		.loc 1 159 0
 254 00dc 2748     		ldr	r0, .L45+116
 255 00de 7047     		bx	lr
 256              	.L11:
 162:morse.c       ****      ;
 257              		.loc 1 162 0
 258 00e0 2748     		ldr	r0, .L45+120
 259 00e2 7047     		bx	lr
 260              	.L12:
 165:morse.c       ****      ;
 261              		.loc 1 165 0
 262 00e4 2748     		ldr	r0, .L45+124
 263 00e6 7047     		bx	lr
 264              	.L13:
 168:morse.c       ****      ;
 265              		.loc 1 168 0
 266 00e8 2748     		ldr	r0, .L45+128
 267 00ea 7047     		bx	lr
 268              	.L14:
 171:morse.c       ****      ;
 269              		.loc 1 171 0
 270 00ec 2748     		ldr	r0, .L45+132
 271 00ee 7047     		bx	lr
 272              	.L15:
 174:morse.c       ****      ;
 273              		.loc 1 174 0
 274 00f0 2748     		ldr	r0, .L45+136
 275 00f2 7047     		bx	lr
 276              	.L5:
 177:morse.c       ****      ;
 277              		.loc 1 177 0
 278 00f4 2748     		ldr	r0, .L45+140
 279 00f6 7047     		bx	lr
 280              	.L16:
 180:morse.c       ****      ;
 281              		.loc 1 180 0
 282 00f8 2748     		ldr	r0, .L45+144
 283 00fa 7047     		bx	lr
 284              	.L3:
 183:morse.c       ****      ;
 285              		.loc 1 183 0
 286 00fc 2748     		ldr	r0, .L45+148
ARM GAS  C:\Users\Piimps\AppData\Local\Temp\cc89eND2.s 			page 10


 287 00fe 7047     		bx	lr
 288              	.L17:
 186:morse.c       ****      ;
 289              		.loc 1 186 0
 290 0100 2748     		ldr	r0, .L45+152
 291 0102 7047     		bx	lr
 292              	.L44:
  69:morse.c       ****      ;
 293              		.loc 1 69 0
 294 0104 2748     		ldr	r0, .L45+156
 190:morse.c       **** }
 295              		.loc 1 190 0
 296 0106 7047     		bx	lr
 297              	.L46:
 298              		.align	2
 299              	.L45:
 300 0108 04000000 		.word	.LC1
 301 010c 0C000000 		.word	.LC2
 302 0110 14000000 		.word	.LC3
 303 0114 1C000000 		.word	.LC4
 304 0118 20000000 		.word	.LC5
 305 011c 28000000 		.word	.LC6
 306 0120 30000000 		.word	.LC7
 307 0124 38000000 		.word	.LC8
 308 0128 3C000000 		.word	.LC9
 309 012c 44000000 		.word	.LC10
 310 0130 4C000000 		.word	.LC11
 311 0134 58000000 		.word	.LC12
 312 0138 5C000000 		.word	.LC13
 313 013c 60000000 		.word	.LC14
 314 0140 68000000 		.word	.LC15
 315 0144 70000000 		.word	.LC16
 316 0148 78000000 		.word	.LC17
 317 014c 80000000 		.word	.LC18
 318 0150 88000000 		.word	.LC19
 319 0154 8C000000 		.word	.LC20
 320 0158 94000000 		.word	.LC21
 321 015c 9C000000 		.word	.LC22
 322 0160 A4000000 		.word	.LC23
 323 0164 AC000000 		.word	.LC24
 324 0168 B4000000 		.word	.LC25
 325 016c BC000000 		.word	.LC26
 326 0170 C8000000 		.word	.LC27
 327 0174 D4000000 		.word	.LC28
 328 0178 E0000000 		.word	.LC29
 329 017c EC000000 		.word	.LC30
 330 0180 F8000000 		.word	.LC31
 331 0184 04010000 		.word	.LC32
 332 0188 10010000 		.word	.LC33
 333 018c 1C010000 		.word	.LC34
 334 0190 28010000 		.word	.LC35
 335 0194 34010000 		.word	.LC36
 336 0198 40010000 		.word	.LC37
 337 019c 4C010000 		.word	.LC38
 338 01a0 58010000 		.word	.LC39
 339 01a4 00000000 		.word	.LC0
 340              		.cfi_endproc
ARM GAS  C:\Users\Piimps\AppData\Local\Temp\cc89eND2.s 			page 11


 341              	.LFE64:
 342              		.size	translateToMorse, .-translateToMorse
 343              		.section	.rodata.str1.4,"aMS",%progbits,1
 344              		.align	2
 345              	.LC0:
 346 0000 2E202D00 		.ascii	". -\000"
 347              	.LC1:
 348 0004 2D202E20 		.ascii	"- . . .\000"
 348      2E202E00 
 349              	.LC2:
 350 000c 2D202E20 		.ascii	"- . - .\000"
 350      2D202E00 
 351              	.LC3:
 352 0014 2D202E20 		.ascii	"- . .\000"
 352      2E00
 353 001a 0000     		.space	2
 354              	.LC4:
 355 001c 2E00     		.ascii	".\000"
 356 001e 0000     		.space	2
 357              	.LC5:
 358 0020 2E202E20 		.ascii	". . - .\000"
 358      2D202E00 
 359              	.LC6:
 360 0028 2D202D20 		.ascii	"- - .\000"
 360      2E00
 361 002e 0000     		.space	2
 362              	.LC7:
 363 0030 2E202E20 		.ascii	". . . .\000"
 363      2E202E00 
 364              	.LC8:
 365 0038 2E202E00 		.ascii	". .\000"
 366              	.LC9:
 367 003c 2E202D20 		.ascii	". - - -\000"
 367      2D202D00 
 368              	.LC10:
 369 0044 2D202E20 		.ascii	"- . -\000"
 369      2D00
 370 004a 0000     		.space	2
 371              	.LC11:
 372 004c 2D2E202D 		.ascii	"-. - . .\000"
 372      202E202E 
 372      00
 373 0055 000000   		.space	3
 374              	.LC12:
 375 0058 2D202D00 		.ascii	"- -\000"
 376              	.LC13:
 377 005c 2D202E00 		.ascii	"- .\000"
 378              	.LC14:
 379 0060 2D202D20 		.ascii	"- - -\000"
 379      2D00
 380 0066 0000     		.space	2
 381              	.LC15:
 382 0068 2E202D20 		.ascii	". - - .\000"
 382      2D202E00 
 383              	.LC16:
 384 0070 2D202D20 		.ascii	"- - . -\000"
 384      2E202D00 
ARM GAS  C:\Users\Piimps\AppData\Local\Temp\cc89eND2.s 			page 12


 385              	.LC17:
 386 0078 2E202D20 		.ascii	". - .\000"
 386      2E00
 387 007e 0000     		.space	2
 388              	.LC18:
 389 0080 2E202E20 		.ascii	". . .\000"
 389      2E00
 390 0086 0000     		.space	2
 391              	.LC19:
 392 0088 2D00     		.ascii	"-\000"
 393 008a 0000     		.space	2
 394              	.LC20:
 395 008c 2E202E20 		.ascii	". . -\000"
 395      2D00
 396 0092 0000     		.space	2
 397              	.LC21:
 398 0094 2E202E20 		.ascii	". . . -\000"
 398      2E202D00 
 399              	.LC22:
 400 009c 2E202D20 		.ascii	". - -\000"
 400      2D00
 401 00a2 0000     		.space	2
 402              	.LC23:
 403 00a4 2D202E20 		.ascii	"- . . -\000"
 403      2E202D00 
 404              	.LC24:
 405 00ac 2D202E20 		.ascii	"- . - -\000"
 405      2D202D00 
 406              	.LC25:
 407 00b4 2D202D20 		.ascii	"- - . .\000"
 407      2E202E00 
 408              	.LC26:
 409 00bc 2D202D20 		.ascii	"- - - - -\000"
 409      2D202D20 
 409      2D00
 410 00c6 0000     		.space	2
 411              	.LC27:
 412 00c8 2E202D20 		.ascii	". - - - -\000"
 412      2D202D20 
 412      2D00
 413 00d2 0000     		.space	2
 414              	.LC28:
 415 00d4 2E202E20 		.ascii	". . - - -\000"
 415      2D202D20 
 415      2D00
 416 00de 0000     		.space	2
 417              	.LC29:
 418 00e0 2E202E20 		.ascii	". . . - -\000"
 418      2E202D20 
 418      2D00
 419 00ea 0000     		.space	2
 420              	.LC30:
 421 00ec 2E202E20 		.ascii	". . . . -\000"
 421      2E202E20 
 421      2D00
 422 00f6 0000     		.space	2
 423              	.LC31:
ARM GAS  C:\Users\Piimps\AppData\Local\Temp\cc89eND2.s 			page 13


 424 00f8 2E202E20 		.ascii	". . . . .\000"
 424      2E202E20 
 424      2E00
 425 0102 0000     		.space	2
 426              	.LC32:
 427 0104 2D202E20 		.ascii	"- . . . .\000"
 427      2E202E20 
 427      2E00
 428 010e 0000     		.space	2
 429              	.LC33:
 430 0110 2D202D20 		.ascii	"- - . . .\000"
 430      2E202E20 
 430      2E00
 431 011a 0000     		.space	2
 432              	.LC34:
 433 011c 2D202D20 		.ascii	"- - - . .\000"
 433      2D202E20 
 433      2E00
 434 0126 0000     		.space	2
 435              	.LC35:
 436 0128 2D202D20 		.ascii	"- - - - .\000"
 436      2D202D20 
 436      2E00
 437 0132 0000     		.space	2
 438              	.LC36:
 439 0134 2E202D20 		.ascii	". - . - . -\000"
 439      2E202D20 
 439      2E202D00 
 440              	.LC37:
 441 0140 2E202E20 		.ascii	". . - - . .\000"
 441      2D202D20 
 441      2E202E00 
 442              	.LC38:
 443 014c 2D202E20 		.ascii	"- . - . - -\000"
 443      2D202E20 
 443      2D202D00 
 444              	.LC39:
 445 0158 2E202D20 		.ascii	". - - . - .\000"
 445      2D202E20 
 445      2D202E00 
 446              		.text
 447              	.Letext0:
 448              		.file 2 "c:\\program files (x86)\\cypress\\psoc creator\\4.3\\psoc creator\\import\\gnu\\arm\\5.4.
 449              		.file 3 "c:\\program files (x86)\\cypress\\psoc creator\\4.3\\psoc creator\\import\\gnu\\arm\\5.4.
 450              		.file 4 "Generated_Source\\PSoC5/core_cm3.h"
 451              		.section	.debug_info,"",%progbits
 452              	.Ldebug_info0:
 453 0000 17010000 		.4byte	0x117
 454 0004 0400     		.2byte	0x4
 455 0006 00000000 		.4byte	.Ldebug_abbrev0
 456 000a 04       		.byte	0x4
 457 000b 01       		.uleb128 0x1
 458 000c 47000000 		.4byte	.LASF18
 459 0010 0C       		.byte	0xc
 460 0011 0C010000 		.4byte	.LASF19
 461 0015 41010000 		.4byte	.LASF20
 462 0019 00000000 		.4byte	.Ldebug_ranges0+0
ARM GAS  C:\Users\Piimps\AppData\Local\Temp\cc89eND2.s 			page 14


 463 001d 00000000 		.4byte	0
 464 0021 00000000 		.4byte	.Ldebug_line0
 465 0025 02       		.uleb128 0x2
 466 0026 01       		.byte	0x1
 467 0027 06       		.byte	0x6
 468 0028 89010000 		.4byte	.LASF0
 469 002c 02       		.uleb128 0x2
 470 002d 01       		.byte	0x1
 471 002e 08       		.byte	0x8
 472 002f FE000000 		.4byte	.LASF1
 473 0033 02       		.uleb128 0x2
 474 0034 02       		.byte	0x2
 475 0035 05       		.byte	0x5
 476 0036 B1010000 		.4byte	.LASF2
 477 003a 02       		.uleb128 0x2
 478 003b 02       		.byte	0x2
 479 003c 07       		.byte	0x7
 480 003d 11000000 		.4byte	.LASF3
 481 0041 03       		.uleb128 0x3
 482 0042 A1010000 		.4byte	.LASF9
 483 0046 02       		.byte	0x2
 484 0047 3F       		.byte	0x3f
 485 0048 4C000000 		.4byte	0x4c
 486 004c 02       		.uleb128 0x2
 487 004d 04       		.byte	0x4
 488 004e 05       		.byte	0x5
 489 004f 14010000 		.4byte	.LASF4
 490 0053 02       		.uleb128 0x2
 491 0054 04       		.byte	0x4
 492 0055 07       		.byte	0x7
 493 0056 D5000000 		.4byte	.LASF5
 494 005a 02       		.uleb128 0x2
 495 005b 08       		.byte	0x8
 496 005c 05       		.byte	0x5
 497 005d 2A010000 		.4byte	.LASF6
 498 0061 02       		.uleb128 0x2
 499 0062 08       		.byte	0x8
 500 0063 07       		.byte	0x7
 501 0064 E7000000 		.4byte	.LASF7
 502 0068 04       		.uleb128 0x4
 503 0069 04       		.byte	0x4
 504 006a 05       		.byte	0x5
 505 006b 696E7400 		.ascii	"int\000"
 506 006f 02       		.uleb128 0x2
 507 0070 04       		.byte	0x4
 508 0071 07       		.byte	0x7
 509 0072 31000000 		.4byte	.LASF8
 510 0076 03       		.uleb128 0x3
 511 0077 C5010000 		.4byte	.LASF10
 512 007b 03       		.byte	0x3
 513 007c 2C       		.byte	0x2c
 514 007d 41000000 		.4byte	0x41
 515 0081 02       		.uleb128 0x2
 516 0082 04       		.byte	0x4
 517 0083 04       		.byte	0x4
 518 0084 AB010000 		.4byte	.LASF11
 519 0088 02       		.uleb128 0x2
ARM GAS  C:\Users\Piimps\AppData\Local\Temp\cc89eND2.s 			page 15


 520 0089 08       		.byte	0x8
 521 008a 04       		.byte	0x4
 522 008b 1D010000 		.4byte	.LASF12
 523 008f 02       		.uleb128 0x2
 524 0090 01       		.byte	0x1
 525 0091 08       		.byte	0x8
 526 0092 CD010000 		.4byte	.LASF13
 527 0096 02       		.uleb128 0x2
 528 0097 08       		.byte	0x8
 529 0098 04       		.byte	0x4
 530 0099 95010000 		.4byte	.LASF14
 531 009d 02       		.uleb128 0x2
 532 009e 04       		.byte	0x4
 533 009f 07       		.byte	0x7
 534 00a0 38010000 		.4byte	.LASF15
 535 00a4 05       		.uleb128 0x5
 536 00a5 04       		.byte	0x4
 537 00a6 8F000000 		.4byte	0x8f
 538 00aa 06       		.uleb128 0x6
 539 00ab 00000000 		.4byte	.LASF21
 540 00af 01       		.byte	0x1
 541 00b0 12       		.byte	0x12
 542 00b1 A4000000 		.4byte	0xa4
 543 00b5 00000000 		.4byte	.LFB64
 544 00b9 A8010000 		.4byte	.LFE64-.LFB64
 545 00bd 01       		.uleb128 0x1
 546 00be 9C       		.byte	0x9c
 547 00bf E9000000 		.4byte	0xe9
 548 00c3 07       		.uleb128 0x7
 549 00c4 BB010000 		.4byte	.LASF22
 550 00c8 01       		.byte	0x1
 551 00c9 12       		.byte	0x12
 552 00ca 8F000000 		.4byte	0x8f
 553 00ce 00000000 		.4byte	.LLST0
 554 00d2 08       		.uleb128 0x8
 555 00d3 3E000000 		.4byte	.LASF16
 556 00d7 01       		.byte	0x1
 557 00d8 14       		.byte	0x14
 558 00d9 E9000000 		.4byte	0xe9
 559 00dd 08       		.uleb128 0x8
 560 00de 24010000 		.4byte	.LASF17
 561 00e2 01       		.byte	0x1
 562 00e3 15       		.byte	0x15
 563 00e4 F9000000 		.4byte	0xf9
 564 00e8 00       		.byte	0
 565 00e9 09       		.uleb128 0x9
 566 00ea A4000000 		.4byte	0xa4
 567 00ee F9000000 		.4byte	0xf9
 568 00f2 0A       		.uleb128 0xa
 569 00f3 9D000000 		.4byte	0x9d
 570 00f7 13       		.byte	0x13
 571 00f8 00       		.byte	0
 572 00f9 09       		.uleb128 0x9
 573 00fa A4000000 		.4byte	0xa4
 574 00fe 09010000 		.4byte	0x109
 575 0102 0A       		.uleb128 0xa
 576 0103 9D000000 		.4byte	0x9d
ARM GAS  C:\Users\Piimps\AppData\Local\Temp\cc89eND2.s 			page 16


 577 0107 27       		.byte	0x27
 578 0108 00       		.byte	0
 579 0109 0B       		.uleb128 0xb
 580 010a 24000000 		.4byte	.LASF23
 581 010e 04       		.byte	0x4
 582 010f 1207     		.2byte	0x712
 583 0111 15010000 		.4byte	0x115
 584 0115 0C       		.uleb128 0xc
 585 0116 76000000 		.4byte	0x76
 586 011a 00       		.byte	0
 587              		.section	.debug_abbrev,"",%progbits
 588              	.Ldebug_abbrev0:
 589 0000 01       		.uleb128 0x1
 590 0001 11       		.uleb128 0x11
 591 0002 01       		.byte	0x1
 592 0003 25       		.uleb128 0x25
 593 0004 0E       		.uleb128 0xe
 594 0005 13       		.uleb128 0x13
 595 0006 0B       		.uleb128 0xb
 596 0007 03       		.uleb128 0x3
 597 0008 0E       		.uleb128 0xe
 598 0009 1B       		.uleb128 0x1b
 599 000a 0E       		.uleb128 0xe
 600 000b 55       		.uleb128 0x55
 601 000c 17       		.uleb128 0x17
 602 000d 11       		.uleb128 0x11
 603 000e 01       		.uleb128 0x1
 604 000f 10       		.uleb128 0x10
 605 0010 17       		.uleb128 0x17
 606 0011 00       		.byte	0
 607 0012 00       		.byte	0
 608 0013 02       		.uleb128 0x2
 609 0014 24       		.uleb128 0x24
 610 0015 00       		.byte	0
 611 0016 0B       		.uleb128 0xb
 612 0017 0B       		.uleb128 0xb
 613 0018 3E       		.uleb128 0x3e
 614 0019 0B       		.uleb128 0xb
 615 001a 03       		.uleb128 0x3
 616 001b 0E       		.uleb128 0xe
 617 001c 00       		.byte	0
 618 001d 00       		.byte	0
 619 001e 03       		.uleb128 0x3
 620 001f 16       		.uleb128 0x16
 621 0020 00       		.byte	0
 622 0021 03       		.uleb128 0x3
 623 0022 0E       		.uleb128 0xe
 624 0023 3A       		.uleb128 0x3a
 625 0024 0B       		.uleb128 0xb
 626 0025 3B       		.uleb128 0x3b
 627 0026 0B       		.uleb128 0xb
 628 0027 49       		.uleb128 0x49
 629 0028 13       		.uleb128 0x13
 630 0029 00       		.byte	0
 631 002a 00       		.byte	0
 632 002b 04       		.uleb128 0x4
 633 002c 24       		.uleb128 0x24
ARM GAS  C:\Users\Piimps\AppData\Local\Temp\cc89eND2.s 			page 17


 634 002d 00       		.byte	0
 635 002e 0B       		.uleb128 0xb
 636 002f 0B       		.uleb128 0xb
 637 0030 3E       		.uleb128 0x3e
 638 0031 0B       		.uleb128 0xb
 639 0032 03       		.uleb128 0x3
 640 0033 08       		.uleb128 0x8
 641 0034 00       		.byte	0
 642 0035 00       		.byte	0
 643 0036 05       		.uleb128 0x5
 644 0037 0F       		.uleb128 0xf
 645 0038 00       		.byte	0
 646 0039 0B       		.uleb128 0xb
 647 003a 0B       		.uleb128 0xb
 648 003b 49       		.uleb128 0x49
 649 003c 13       		.uleb128 0x13
 650 003d 00       		.byte	0
 651 003e 00       		.byte	0
 652 003f 06       		.uleb128 0x6
 653 0040 2E       		.uleb128 0x2e
 654 0041 01       		.byte	0x1
 655 0042 3F       		.uleb128 0x3f
 656 0043 19       		.uleb128 0x19
 657 0044 03       		.uleb128 0x3
 658 0045 0E       		.uleb128 0xe
 659 0046 3A       		.uleb128 0x3a
 660 0047 0B       		.uleb128 0xb
 661 0048 3B       		.uleb128 0x3b
 662 0049 0B       		.uleb128 0xb
 663 004a 27       		.uleb128 0x27
 664 004b 19       		.uleb128 0x19
 665 004c 49       		.uleb128 0x49
 666 004d 13       		.uleb128 0x13
 667 004e 11       		.uleb128 0x11
 668 004f 01       		.uleb128 0x1
 669 0050 12       		.uleb128 0x12
 670 0051 06       		.uleb128 0x6
 671 0052 40       		.uleb128 0x40
 672 0053 18       		.uleb128 0x18
 673 0054 9742     		.uleb128 0x2117
 674 0056 19       		.uleb128 0x19
 675 0057 01       		.uleb128 0x1
 676 0058 13       		.uleb128 0x13
 677 0059 00       		.byte	0
 678 005a 00       		.byte	0
 679 005b 07       		.uleb128 0x7
 680 005c 05       		.uleb128 0x5
 681 005d 00       		.byte	0
 682 005e 03       		.uleb128 0x3
 683 005f 0E       		.uleb128 0xe
 684 0060 3A       		.uleb128 0x3a
 685 0061 0B       		.uleb128 0xb
 686 0062 3B       		.uleb128 0x3b
 687 0063 0B       		.uleb128 0xb
 688 0064 49       		.uleb128 0x49
 689 0065 13       		.uleb128 0x13
 690 0066 02       		.uleb128 0x2
ARM GAS  C:\Users\Piimps\AppData\Local\Temp\cc89eND2.s 			page 18


 691 0067 17       		.uleb128 0x17
 692 0068 00       		.byte	0
 693 0069 00       		.byte	0
 694 006a 08       		.uleb128 0x8
 695 006b 34       		.uleb128 0x34
 696 006c 00       		.byte	0
 697 006d 03       		.uleb128 0x3
 698 006e 0E       		.uleb128 0xe
 699 006f 3A       		.uleb128 0x3a
 700 0070 0B       		.uleb128 0xb
 701 0071 3B       		.uleb128 0x3b
 702 0072 0B       		.uleb128 0xb
 703 0073 49       		.uleb128 0x49
 704 0074 13       		.uleb128 0x13
 705 0075 00       		.byte	0
 706 0076 00       		.byte	0
 707 0077 09       		.uleb128 0x9
 708 0078 01       		.uleb128 0x1
 709 0079 01       		.byte	0x1
 710 007a 49       		.uleb128 0x49
 711 007b 13       		.uleb128 0x13
 712 007c 01       		.uleb128 0x1
 713 007d 13       		.uleb128 0x13
 714 007e 00       		.byte	0
 715 007f 00       		.byte	0
 716 0080 0A       		.uleb128 0xa
 717 0081 21       		.uleb128 0x21
 718 0082 00       		.byte	0
 719 0083 49       		.uleb128 0x49
 720 0084 13       		.uleb128 0x13
 721 0085 2F       		.uleb128 0x2f
 722 0086 0B       		.uleb128 0xb
 723 0087 00       		.byte	0
 724 0088 00       		.byte	0
 725 0089 0B       		.uleb128 0xb
 726 008a 34       		.uleb128 0x34
 727 008b 00       		.byte	0
 728 008c 03       		.uleb128 0x3
 729 008d 0E       		.uleb128 0xe
 730 008e 3A       		.uleb128 0x3a
 731 008f 0B       		.uleb128 0xb
 732 0090 3B       		.uleb128 0x3b
 733 0091 05       		.uleb128 0x5
 734 0092 49       		.uleb128 0x49
 735 0093 13       		.uleb128 0x13
 736 0094 3F       		.uleb128 0x3f
 737 0095 19       		.uleb128 0x19
 738 0096 3C       		.uleb128 0x3c
 739 0097 19       		.uleb128 0x19
 740 0098 00       		.byte	0
 741 0099 00       		.byte	0
 742 009a 0C       		.uleb128 0xc
 743 009b 35       		.uleb128 0x35
 744 009c 00       		.byte	0
 745 009d 49       		.uleb128 0x49
 746 009e 13       		.uleb128 0x13
 747 009f 00       		.byte	0
ARM GAS  C:\Users\Piimps\AppData\Local\Temp\cc89eND2.s 			page 19


 748 00a0 00       		.byte	0
 749 00a1 00       		.byte	0
 750              		.section	.debug_loc,"",%progbits
 751              	.Ldebug_loc0:
 752              	.LLST0:
 753 0000 00000000 		.4byte	.LVL0
 754 0004 02000000 		.4byte	.LVL1
 755 0008 0100     		.2byte	0x1
 756 000a 50       		.byte	0x50
 757 000b 02000000 		.4byte	.LVL1
 758 000f A8010000 		.4byte	.LFE64
 759 0013 0400     		.2byte	0x4
 760 0015 F3       		.byte	0xf3
 761 0016 01       		.uleb128 0x1
 762 0017 50       		.byte	0x50
 763 0018 9F       		.byte	0x9f
 764 0019 00000000 		.4byte	0
 765 001d 00000000 		.4byte	0
 766              		.section	.debug_aranges,"",%progbits
 767 0000 1C000000 		.4byte	0x1c
 768 0004 0200     		.2byte	0x2
 769 0006 00000000 		.4byte	.Ldebug_info0
 770 000a 04       		.byte	0x4
 771 000b 00       		.byte	0
 772 000c 0000     		.2byte	0
 773 000e 0000     		.2byte	0
 774 0010 00000000 		.4byte	.LFB64
 775 0014 A8010000 		.4byte	.LFE64-.LFB64
 776 0018 00000000 		.4byte	0
 777 001c 00000000 		.4byte	0
 778              		.section	.debug_ranges,"",%progbits
 779              	.Ldebug_ranges0:
 780 0000 00000000 		.4byte	.LFB64
 781 0004 A8010000 		.4byte	.LFE64
 782 0008 00000000 		.4byte	0
 783 000c 00000000 		.4byte	0
 784              		.section	.debug_line,"",%progbits
 785              	.Ldebug_line0:
 786 0000 90010000 		.section	.debug_str,"MS",%progbits,1
 786      02004001 
 786      00000201 
 786      FB0E0D00 
 786      01010101 
 787              	.LASF21:
 788 0000 7472616E 		.ascii	"translateToMorse\000"
 788      736C6174 
 788      65546F4D 
 788      6F727365 
 788      00
 789              	.LASF3:
 790 0011 73686F72 		.ascii	"short unsigned int\000"
 790      7420756E 
 790      7369676E 
 790      65642069 
 790      6E7400
 791              	.LASF23:
 792 0024 49544D5F 		.ascii	"ITM_RxBuffer\000"
ARM GAS  C:\Users\Piimps\AppData\Local\Temp\cc89eND2.s 			page 20


 792      52784275 
 792      66666572 
 792      00
 793              	.LASF8:
 794 0031 756E7369 		.ascii	"unsigned int\000"
 794      676E6564 
 794      20696E74 
 794      00
 795              	.LASF16:
 796 003e 6D795265 		.ascii	"myReturn\000"
 796      7475726E 
 796      00
 797              	.LASF18:
 798 0047 474E5520 		.ascii	"GNU C11 5.4.1 20160609 (release) [ARM/embedded-5-br"
 798      43313120 
 798      352E342E 
 798      31203230 
 798      31363036 
 799 007a 616E6368 		.ascii	"anch revision 237715] -mcpu=cortex-m3 -mthumb -g -O"
 799      20726576 
 799      6973696F 
 799      6E203233 
 799      37373135 
 800 00ad 67202D66 		.ascii	"g -ffunction-sections -ffat-lto-objects\000"
 800      66756E63 
 800      74696F6E 
 800      2D736563 
 800      74696F6E 
 801              	.LASF5:
 802 00d5 6C6F6E67 		.ascii	"long unsigned int\000"
 802      20756E73 
 802      69676E65 
 802      6420696E 
 802      7400
 803              	.LASF7:
 804 00e7 6C6F6E67 		.ascii	"long long unsigned int\000"
 804      206C6F6E 
 804      6720756E 
 804      7369676E 
 804      65642069 
 805              	.LASF1:
 806 00fe 756E7369 		.ascii	"unsigned char\000"
 806      676E6564 
 806      20636861 
 806      7200
 807              	.LASF19:
 808 010c 6D6F7273 		.ascii	"morse.c\000"
 808      652E6300 
 809              	.LASF4:
 810 0114 6C6F6E67 		.ascii	"long int\000"
 810      20696E74 
 810      00
 811              	.LASF12:
 812 011d 646F7562 		.ascii	"double\000"
 812      6C6500
 813              	.LASF17:
 814 0124 63617261 		.ascii	"carac\000"
ARM GAS  C:\Users\Piimps\AppData\Local\Temp\cc89eND2.s 			page 21


 814      6300
 815              	.LASF6:
 816 012a 6C6F6E67 		.ascii	"long long int\000"
 816      206C6F6E 
 816      6720696E 
 816      7400
 817              	.LASF15:
 818 0138 73697A65 		.ascii	"sizetype\000"
 818      74797065 
 818      00
 819              	.LASF20:
 820 0141 433A5C55 		.ascii	"C:\\Users\\Piimps\\Documents\\PSoC Creator\\Project"
 820      73657273 
 820      5C506969 
 820      6D70735C 
 820      446F6375 
 821 016f 5F456C65 		.ascii	"_Elec\\Project_Final.cydsn\000"
 821      635C5072 
 821      6F6A6563 
 821      745F4669 
 821      6E616C2E 
 822              	.LASF0:
 823 0189 7369676E 		.ascii	"signed char\000"
 823      65642063 
 823      68617200 
 824              	.LASF14:
 825 0195 6C6F6E67 		.ascii	"long double\000"
 825      20646F75 
 825      626C6500 
 826              	.LASF9:
 827 01a1 5F5F696E 		.ascii	"__int32_t\000"
 827      7433325F 
 827      7400
 828              	.LASF11:
 829 01ab 666C6F61 		.ascii	"float\000"
 829      7400
 830              	.LASF2:
 831 01b1 73686F72 		.ascii	"short int\000"
 831      7420696E 
 831      7400
 832              	.LASF22:
 833 01bb 63617261 		.ascii	"caractere\000"
 833      63746572 
 833      6500
 834              	.LASF10:
 835 01c5 696E7433 		.ascii	"int32_t\000"
 835      325F7400 
 836              	.LASF13:
 837 01cd 63686172 		.ascii	"char\000"
 837      00
 838              		.ident	"GCC: (GNU Tools for ARM Embedded Processors) 5.4.1 20160609 (release) [ARM/embedded-5-bran
